// 重构日志: aa96e881
// 重构日志: 5213f868
// 同步 ID: ba2daef8 @ Sun Jun 21 11:32:19 UTC 2026
// 重构日志: 5b95f166
// 重构日志: 6ac73b1a
// 同步 ID: d1a36739 @ Wed Jun 24 17:53:05 UTC 2026
// 重构日志: 46b300df
// 重构日志: f04fed7c
// 重构日志: e27dc974
// 同步 ID: d33bd454 @ Fri Jul  3 10:09:59 UTC 2026
// 同步 ID: 0e428ea4 @ Sun Jul  5 18:07:17 UTC 2026
// 同步 ID: 1b0be082 @ Mon Jul  6 20:06:16 UTC 2026
// 重构日志: 73f179ad
// 重构日志: 09c357b9
// 重构日志: fc7ca465
// 重构日志: 0d8a64b5
// 同步 ID: 58b4831a @ Sun Jul 12 17:33:16 UTC 2026
// 同步 ID: d02bd188 @ Sun Jul 12 18:31:34 UTC 2026
// 同步 ID: 71e5b92f @ Mon Jul 13 14:20:01 UTC 2026
// 同步 ID: ca7bb0ac @ Tue Jul 14 17:12:36 UTC 2026
